mode: set
github.com/wfunc/go/baseapi/announce.go:73.49,76.16 3 1
github.com/wfunc/go/baseapi/announce.go:79.2,79.22 1 1
github.com/wfunc/go/baseapi/announce.go:82.2,82.28 1 1
github.com/wfunc/go/baseapi/announce.go:86.2,87.16 2 1
github.com/wfunc/go/baseapi/announce.go:91.2,94.4 1 1
github.com/wfunc/go/baseapi/announce.go:76.16,78.3 1 1
github.com/wfunc/go/baseapi/announce.go:79.22,81.3 1 1
github.com/wfunc/go/baseapi/announce.go:82.28,85.3 2 1
github.com/wfunc/go/baseapi/announce.go:87.16,90.3 2 1
github.com/wfunc/go/baseapi/announce.go:138.49,141.16 3 1
github.com/wfunc/go/baseapi/announce.go:144.2,145.16 2 1
github.com/wfunc/go/baseapi/announce.go:149.2,153.4 1 1
github.com/wfunc/go/baseapi/announce.go:141.16,143.3 1 1
github.com/wfunc/go/baseapi/announce.go:145.16,148.3 2 1
github.com/wfunc/go/baseapi/announce.go:197.47,202.16 3 1
github.com/wfunc/go/baseapi/announce.go:205.2,206.16 2 1
github.com/wfunc/go/baseapi/announce.go:210.2,213.4 1 1
github.com/wfunc/go/baseapi/announce.go:202.16,204.3 1 1
github.com/wfunc/go/baseapi/announce.go:206.16,209.3 2 1
github.com/wfunc/go/baseapi/baseapi.go:8.29,9.33 1 1
github.com/wfunc/go/baseapi/baseapi.go:12.46,25.2 9 1
github.com/wfunc/go/baseapi/baseapi.go:27.53,29.2 1 1
github.com/wfunc/go/baseapi/baseapi.go:31.57,33.2 1 1
github.com/wfunc/go/baseapi/baseapi.go:35.52,37.2 1 1
github.com/wfunc/go/baseapi/baseapi.go:39.50,41.2 1 1
github.com/wfunc/go/baseapi/baseapi.go:43.74,45.16 2 1
github.com/wfunc/go/baseapi/baseapi.go:48.2,48.8 1 1
github.com/wfunc/go/baseapi/baseapi.go:45.16,47.3 1 1
github.com/wfunc/go/baseapi/config.go:45.50,48.16 3 1
github.com/wfunc/go/baseapi/config.go:51.2,51.29 1 1
github.com/wfunc/go/baseapi/config.go:55.2,56.16 2 1
github.com/wfunc/go/baseapi/config.go:60.2,64.4 2 1
github.com/wfunc/go/baseapi/config.go:48.16,50.3 1 1
github.com/wfunc/go/baseapi/config.go:51.29,54.3 2 1
github.com/wfunc/go/baseapi/config.go:56.16,59.3 2 1
github.com/wfunc/go/baseapi/config.go:88.48,89.29 1 1
github.com/wfunc/go/baseapi/config.go:93.2,94.16 2 1
github.com/wfunc/go/baseapi/config.go:98.2,101.4 1 1
github.com/wfunc/go/baseapi/config.go:89.29,92.3 2 1
github.com/wfunc/go/baseapi/config.go:94.16,97.3 2 1
github.com/wfunc/go/baseapi/config.go:106.58,108.16 2 1
github.com/wfunc/go/baseapi/config.go:112.2,115.4 1 1
github.com/wfunc/go/baseapi/config.go:108.16,111.3 2 1
github.com/wfunc/go/baseapi/file.go:22.59,28.2 2 1
github.com/wfunc/go/baseapi/file.go:49.54,50.26 1 1
github.com/wfunc/go/baseapi/file.go:56.2,57.135 2 1
github.com/wfunc/go/baseapi/file.go:68.2,68.16 1 1
github.com/wfunc/go/baseapi/file.go:74.2,77.4 1 1
github.com/wfunc/go/baseapi/file.go:50.26,55.3 1 1
github.com/wfunc/go/baseapi/file.go:57.135,58.29 1 1
github.com/wfunc/go/baseapi/file.go:62.3,66.9 5 1
github.com/wfunc/go/baseapi/file.go:58.29,61.4 2 1
github.com/wfunc/go/baseapi/file.go:68.16,73.3 1 1
github.com/wfunc/go/baseapi/object.go:59.54,62.16 3 1
github.com/wfunc/go/baseapi/object.go:65.2,65.33 1 1
github.com/wfunc/go/baseapi/object.go:69.2,70.16 2 1
github.com/wfunc/go/baseapi/object.go:74.2,77.4 1 1
github.com/wfunc/go/baseapi/object.go:62.16,64.3 1 1
github.com/wfunc/go/baseapi/object.go:65.33,68.3 2 1
github.com/wfunc/go/baseapi/object.go:70.16,73.3 2 1
github.com/wfunc/go/baseapi/object.go:115.52,120.16 3 1
github.com/wfunc/go/baseapi/object.go:123.2,124.16 2 1
github.com/wfunc/go/baseapi/object.go:128.2,131.4 1 1
github.com/wfunc/go/baseapi/object.go:120.16,122.3 1 1
github.com/wfunc/go/baseapi/object.go:124.16,127.3 2 1
github.com/wfunc/go/baseapi/object.go:172.54,175.16 3 1
github.com/wfunc/go/baseapi/object.go:178.2,179.16 2 1
github.com/wfunc/go/baseapi/object.go:183.2,187.4 1 1
github.com/wfunc/go/baseapi/object.go:175.16,177.3 1 1
github.com/wfunc/go/baseapi/object.go:179.16,182.3 2 1
github.com/wfunc/go/baseapi/object.go:212.58,219.18 6 1
github.com/wfunc/go/baseapi/object.go:222.2,222.18 1 1
github.com/wfunc/go/baseapi/object.go:225.2,229.17 5 1
github.com/wfunc/go/baseapi/object.go:233.2,234.16 2 1
github.com/wfunc/go/baseapi/object.go:238.2,239.25 2 1
github.com/wfunc/go/baseapi/object.go:242.2,243.24 2 1
github.com/wfunc/go/baseapi/object.go:219.18,221.3 1 1
github.com/wfunc/go/baseapi/object.go:222.18,224.3 1 1
github.com/wfunc/go/baseapi/object.go:229.17,232.3 2 1
github.com/wfunc/go/baseapi/object.go:234.16,237.3 2 1
github.com/wfunc/go/baseapi/object.go:239.25,241.3 1 1
github.com/wfunc/go/basedb/auto_func.go:16.50,16.67 1 1
github.com/wfunc/go/basedb/auto_func.go:36.61,40.40 4 1
github.com/wfunc/go/basedb/auto_func.go:43.2,43.40 1 1
github.com/wfunc/go/basedb/auto_func.go:48.2,48.53 1 1
github.com/wfunc/go/basedb/auto_func.go:40.40,42.3 1 1
github.com/wfunc/go/basedb/auto_func.go:43.40,44.22 1 1
github.com/wfunc/go/basedb/auto_func.go:44.22,46.4 1 1
github.com/wfunc/go/basedb/auto_func.go:52.66,56.40 4 1
github.com/wfunc/go/basedb/auto_func.go:59.2,59.40 1 1
github.com/wfunc/go/basedb/auto_func.go:64.2,64.53 1 1
github.com/wfunc/go/basedb/auto_func.go:56.40,58.3 1 1
github.com/wfunc/go/basedb/auto_func.go:59.40,60.22 1 1
github.com/wfunc/go/basedb/auto_func.go:60.22,62.4 1 1
github.com/wfunc/go/basedb/auto_func.go:68.51,71.2 2 1
github.com/wfunc/go/basedb/auto_func.go:74.51,77.2 2 1
github.com/wfunc/go/basedb/auto_func.go:80.63,84.40 4 1
github.com/wfunc/go/basedb/auto_func.go:87.2,87.42 1 1
github.com/wfunc/go/basedb/auto_func.go:92.2,92.55 1 1
github.com/wfunc/go/basedb/auto_func.go:84.40,86.3 1 1
github.com/wfunc/go/basedb/auto_func.go:87.42,88.22 1 1
github.com/wfunc/go/basedb/auto_func.go:88.22,90.4 1 1
github.com/wfunc/go/basedb/auto_func.go:96.68,100.40 4 1
github.com/wfunc/go/basedb/auto_func.go:103.2,103.42 1 1
github.com/wfunc/go/basedb/auto_func.go:108.2,108.55 1 1
github.com/wfunc/go/basedb/auto_func.go:100.40,102.3 1 1
github.com/wfunc/go/basedb/auto_func.go:103.42,104.22 1 1
github.com/wfunc/go/basedb/auto_func.go:104.22,106.4 1 1
github.com/wfunc/go/basedb/auto_func.go:112.53,115.2 2 1
github.com/wfunc/go/basedb/auto_func.go:118.53,121.2 2 1
github.com/wfunc/go/basedb/auto_func.go:124.64,127.2 2 1
github.com/wfunc/go/basedb/auto_func.go:130.77,133.2 2 1
github.com/wfunc/go/basedb/auto_func.go:136.66,139.2 2 1
github.com/wfunc/go/basedb/auto_func.go:142.47,143.44 1 1
github.com/wfunc/go/basedb/auto_func.go:148.2,148.8 1 1
github.com/wfunc/go/basedb/auto_func.go:143.44,145.3 1 1
github.com/wfunc/go/basedb/auto_func.go:145.8,147.3 1 1
github.com/wfunc/go/basedb/auto_func.go:152.87,154.28 1 1
github.com/wfunc/go/basedb/auto_func.go:158.2,158.31 1 1
github.com/wfunc/go/basedb/auto_func.go:162.2,162.41 1 1
github.com/wfunc/go/basedb/auto_func.go:166.2,166.41 1 1
github.com/wfunc/go/basedb/auto_func.go:170.2,171.8 2 1
github.com/wfunc/go/basedb/auto_func.go:154.28,156.3 1 1
github.com/wfunc/go/basedb/auto_func.go:158.31,160.3 1 1
github.com/wfunc/go/basedb/auto_func.go:162.41,164.3 1 1
github.com/wfunc/go/basedb/auto_func.go:166.41,168.3 1 1
github.com/wfunc/go/basedb/auto_func.go:175.108,178.2 2 1
github.com/wfunc/go/basedb/auto_func.go:181.136,184.2 2 1
github.com/wfunc/go/basedb/auto_func.go:187.157,191.22 4 1
github.com/wfunc/go/basedb/auto_func.go:195.2,196.8 2 1
github.com/wfunc/go/basedb/auto_func.go:191.22,194.3 2 1
github.com/wfunc/go/basedb/auto_func.go:200.71,203.2 2 1
github.com/wfunc/go/basedb/auto_func.go:206.95,209.2 2 1
github.com/wfunc/go/basedb/auto_func.go:212.95,215.2 2 1
github.com/wfunc/go/basedb/auto_func.go:218.119,221.2 2 1
github.com/wfunc/go/basedb/auto_func.go:224.123,227.2 2 1
github.com/wfunc/go/basedb/auto_func.go:230.147,233.2 2 1
github.com/wfunc/go/basedb/auto_func.go:236.144,239.2 2 1
github.com/wfunc/go/basedb/auto_func.go:242.168,245.2 2 1
github.com/wfunc/go/basedb/auto_func.go:248.90,251.2 2 1
github.com/wfunc/go/basedb/auto_func.go:254.125,258.2 3 1
github.com/wfunc/go/basedb/auto_func.go:261.161,264.10 3 1
github.com/wfunc/go/basedb/auto_func.go:267.2,268.8 2 1
github.com/wfunc/go/basedb/auto_func.go:264.10,266.3 1 1
github.com/wfunc/go/basedb/auto_func.go:272.114,275.2 2 1
github.com/wfunc/go/basedb/auto_func.go:278.149,282.10 4 1
github.com/wfunc/go/basedb/auto_func.go:285.2,286.8 2 1
github.com/wfunc/go/basedb/auto_func.go:282.10,284.3 1 1
github.com/wfunc/go/basedb/auto_func.go:290.137,293.2 2 1
github.com/wfunc/go/basedb/auto_func.go:296.161,297.26 1 1
github.com/wfunc/go/basedb/auto_func.go:301.2,302.8 2 1
github.com/wfunc/go/basedb/auto_func.go:297.26,300.3 2 1
github.com/wfunc/go/basedb/auto_func.go:306.98,309.2 2 1
github.com/wfunc/go/basedb/auto_func.go:312.122,318.2 5 1
github.com/wfunc/go/basedb/auto_func.go:321.114,324.2 2 1
github.com/wfunc/go/basedb/auto_func.go:327.138,330.21 3 1
github.com/wfunc/go/basedb/auto_func.go:333.2,335.8 3 1
github.com/wfunc/go/basedb/auto_func.go:330.21,332.3 1 1
github.com/wfunc/go/basedb/auto_func.go:351.62,354.2 2 1
github.com/wfunc/go/basedb/auto_func.go:357.73,360.2 2 1
github.com/wfunc/go/basedb/auto_func.go:363.62,366.2 2 1
github.com/wfunc/go/basedb/auto_func.go:369.43,370.42 1 1
github.com/wfunc/go/basedb/auto_func.go:375.2,375.8 1 1
github.com/wfunc/go/basedb/auto_func.go:370.42,372.3 1 1
github.com/wfunc/go/basedb/auto_func.go:372.8,374.3 1 1
github.com/wfunc/go/basedb/auto_func.go:379.83,381.39 1 1
github.com/wfunc/go/basedb/auto_func.go:385.2,386.8 2 1
github.com/wfunc/go/basedb/auto_func.go:381.39,383.3 1 1
github.com/wfunc/go/basedb/auto_func.go:390.104,393.2 2 1
github.com/wfunc/go/basedb/auto_func.go:396.132,399.2 2 1
github.com/wfunc/go/basedb/auto_func.go:402.153,406.22 4 1
github.com/wfunc/go/basedb/auto_func.go:410.2,411.8 2 1
github.com/wfunc/go/basedb/auto_func.go:406.22,409.3 2 1
github.com/wfunc/go/basedb/auto_func.go:415.89,418.2 2 1
github.com/wfunc/go/basedb/auto_func.go:421.113,424.2 2 1
github.com/wfunc/go/basedb/auto_func.go:427.117,430.2 2 1
github.com/wfunc/go/basedb/auto_func.go:433.141,436.2 2 1
github.com/wfunc/go/basedb/auto_func.go:439.138,442.2 2 1
github.com/wfunc/go/basedb/auto_func.go:445.162,448.2 2 1
github.com/wfunc/go/basedb/auto_func.go:451.83,454.2 2 1
github.com/wfunc/go/basedb/auto_func.go:457.118,461.2 3 1
github.com/wfunc/go/basedb/auto_func.go:464.155,467.10 3 1
github.com/wfunc/go/basedb/auto_func.go:470.2,471.8 2 1
github.com/wfunc/go/basedb/auto_func.go:467.10,469.3 1 1
github.com/wfunc/go/basedb/auto_func.go:475.108,478.2 2 1
github.com/wfunc/go/basedb/auto_func.go:481.143,485.10 4 1
github.com/wfunc/go/basedb/auto_func.go:488.2,489.8 2 1
github.com/wfunc/go/basedb/auto_func.go:485.10,487.3 1 1
github.com/wfunc/go/basedb/auto_func.go:493.127,496.2 2 1
github.com/wfunc/go/basedb/auto_func.go:499.151,500.24 1 1
github.com/wfunc/go/basedb/auto_func.go:504.2,505.8 2 1
github.com/wfunc/go/basedb/auto_func.go:500.24,503.3 2 1
github.com/wfunc/go/basedb/auto_func.go:509.95,512.2 2 1
github.com/wfunc/go/basedb/auto_func.go:515.119,521.2 5 1
github.com/wfunc/go/basedb/auto_func.go:524.112,527.2 2 1
github.com/wfunc/go/basedb/auto_func.go:530.136,533.21 3 1
github.com/wfunc/go/basedb/auto_func.go:536.2,538.8 3 1
github.com/wfunc/go/basedb/auto_func.go:533.21,535.3 1 1
github.com/wfunc/go/basedb/auto_func.go:554.61,558.40 4 1
github.com/wfunc/go/basedb/auto_func.go:561.2,561.40 1 1
github.com/wfunc/go/basedb/auto_func.go:566.2,566.53 1 1
github.com/wfunc/go/basedb/auto_func.go:558.40,560.3 1 1
github.com/wfunc/go/basedb/auto_func.go:561.40,562.22 1 1
github.com/wfunc/go/basedb/auto_func.go:562.22,564.4 1 1
github.com/wfunc/go/basedb/auto_func.go:570.66,574.40 4 1
github.com/wfunc/go/basedb/auto_func.go:577.2,577.40 1 1
github.com/wfunc/go/basedb/auto_func.go:582.2,582.53 1 1
github.com/wfunc/go/basedb/auto_func.go:574.40,576.3 1 1
github.com/wfunc/go/basedb/auto_func.go:577.40,578.22 1 1
github.com/wfunc/go/basedb/auto_func.go:578.22,580.4 1 1
github.com/wfunc/go/basedb/auto_func.go:586.51,589.2 2 1
github.com/wfunc/go/basedb/auto_func.go:592.51,595.2 2 1
github.com/wfunc/go/basedb/auto_func.go:598.62,601.2 2 1
github.com/wfunc/go/basedb/auto_func.go:604.73,607.2 2 1
github.com/wfunc/go/basedb/auto_func.go:610.62,613.2 2 1
github.com/wfunc/go/basedb/auto_func.go:616.43,617.42 1 1
github.com/wfunc/go/basedb/auto_func.go:622.2,622.8 1 1
github.com/wfunc/go/basedb/auto_func.go:617.42,619.3 1 1
github.com/wfunc/go/basedb/auto_func.go:619.8,621.3 1 1
github.com/wfunc/go/basedb/auto_func.go:626.83,628.27 1 1
github.com/wfunc/go/basedb/auto_func.go:632.2,632.39 1 1
github.com/wfunc/go/basedb/auto_func.go:636.2,636.39 1 1
github.com/wfunc/go/basedb/auto_func.go:640.2,641.8 2 1
github.com/wfunc/go/basedb/auto_func.go:628.27,630.3 1 1
github.com/wfunc/go/basedb/auto_func.go:632.39,634.3 1 1
github.com/wfunc/go/basedb/auto_func.go:636.39,638.3 1 1
github.com/wfunc/go/basedb/auto_func.go:645.104,648.2 2 1
github.com/wfunc/go/basedb/auto_func.go:651.132,654.2 2 1
github.com/wfunc/go/basedb/auto_func.go:657.153,661.22 4 1
github.com/wfunc/go/basedb/auto_func.go:665.2,666.8 2 1
github.com/wfunc/go/basedb/auto_func.go:661.22,664.3 2 1
github.com/wfunc/go/basedb/auto_func.go:670.89,673.2 2 1
github.com/wfunc/go/basedb/auto_func.go:676.113,679.2 2 1
github.com/wfunc/go/basedb/auto_func.go:682.117,685.2 2 1
github.com/wfunc/go/basedb/auto_func.go:688.141,691.2 2 1
github.com/wfunc/go/basedb/auto_func.go:694.138,697.2 2 1
github.com/wfunc/go/basedb/auto_func.go:700.162,703.2 2 1
github.com/wfunc/go/basedb/auto_func.go:706.83,709.2 2 1
github.com/wfunc/go/basedb/auto_func.go:712.118,716.2 3 1
github.com/wfunc/go/basedb/auto_func.go:719.155,722.10 3 1
github.com/wfunc/go/basedb/auto_func.go:725.2,726.8 2 1
github.com/wfunc/go/basedb/auto_func.go:722.10,724.3 1 1
github.com/wfunc/go/basedb/auto_func.go:730.108,733.2 2 1
github.com/wfunc/go/basedb/auto_func.go:736.143,740.10 4 1
github.com/wfunc/go/basedb/auto_func.go:743.2,744.8 2 1
github.com/wfunc/go/basedb/auto_func.go:740.10,742.3 1 1
github.com/wfunc/go/basedb/auto_func.go:748.127,751.2 2 1
github.com/wfunc/go/basedb/auto_func.go:754.151,755.24 1 1
github.com/wfunc/go/basedb/auto_func.go:759.2,760.8 2 1
github.com/wfunc/go/basedb/auto_func.go:755.24,758.3 2 1
github.com/wfunc/go/basedb/auto_func.go:764.95,767.2 2 1
github.com/wfunc/go/basedb/auto_func.go:770.119,776.2 5 1
github.com/wfunc/go/basedb/auto_func.go:779.112,782.2 2 1
github.com/wfunc/go/basedb/auto_func.go:785.136,788.21 3 1
github.com/wfunc/go/basedb/auto_func.go:791.2,793.8 3 1
github.com/wfunc/go/basedb/auto_func.go:788.21,790.3 1 1
github.com/wfunc/go/basedb/auto_func.go:809.68,813.40 4 1
github.com/wfunc/go/basedb/auto_func.go:816.2,816.47 1 1
github.com/wfunc/go/basedb/auto_func.go:821.2,821.60 1 1
github.com/wfunc/go/basedb/auto_func.go:813.40,815.3 1 1
github.com/wfunc/go/basedb/auto_func.go:816.47,817.22 1 1
github.com/wfunc/go/basedb/auto_func.go:817.22,819.4 1 1
github.com/wfunc/go/basedb/auto_func.go:825.73,829.40 4 1
github.com/wfunc/go/basedb/auto_func.go:832.2,832.47 1 1
github.com/wfunc/go/basedb/auto_func.go:837.2,837.60 1 1
github.com/wfunc/go/basedb/auto_func.go:829.40,831.3 1 1
github.com/wfunc/go/basedb/auto_func.go:832.47,833.22 1 1
github.com/wfunc/go/basedb/auto_func.go:833.22,835.4 1 1
github.com/wfunc/go/basedb/auto_func.go:841.58,844.2 2 1
github.com/wfunc/go/basedb/auto_func.go:847.58,850.2 2 1
github.com/wfunc/go/basedb/auto_func.go:853.69,856.2 2 1
github.com/wfunc/go/basedb/auto_func.go:859.87,862.2 2 1
github.com/wfunc/go/basedb/auto_func.go:865.76,868.2 2 1
github.com/wfunc/go/basedb/auto_func.go:871.57,872.49 1 1
github.com/wfunc/go/basedb/auto_func.go:877.2,877.8 1 1
github.com/wfunc/go/basedb/auto_func.go:872.49,874.3 1 1
github.com/wfunc/go/basedb/auto_func.go:874.8,876.3 1 1
github.com/wfunc/go/basedb/auto_func.go:881.97,883.34 1 1
github.com/wfunc/go/basedb/auto_func.go:887.2,887.46 1 1
github.com/wfunc/go/basedb/auto_func.go:891.2,891.46 1 1
github.com/wfunc/go/basedb/auto_func.go:895.2,896.8 2 1
github.com/wfunc/go/basedb/auto_func.go:883.34,885.3 1 1
github.com/wfunc/go/basedb/auto_func.go:887.46,889.3 1 1
github.com/wfunc/go/basedb/auto_func.go:891.46,893.3 1 1
github.com/wfunc/go/basedb/auto_func.go:900.118,903.2 2 1
github.com/wfunc/go/basedb/auto_func.go:906.146,909.2 2 1
github.com/wfunc/go/basedb/auto_func.go:912.167,916.22 4 1
github.com/wfunc/go/basedb/auto_func.go:920.2,921.8 2 1
github.com/wfunc/go/basedb/auto_func.go:916.22,919.3 2 1
github.com/wfunc/go/basedb/auto_func.go:925.86,928.2 2 1
github.com/wfunc/go/basedb/auto_func.go:931.110,934.2 2 1
github.com/wfunc/go/basedb/auto_func.go:937.110,940.2 2 1
github.com/wfunc/go/basedb/auto_func.go:943.134,946.2 2 1
github.com/wfunc/go/basedb/auto_func.go:949.138,952.2 2 1
github.com/wfunc/go/basedb/auto_func.go:955.162,958.2 2 1
github.com/wfunc/go/basedb/auto_func.go:961.159,964.2 2 1
github.com/wfunc/go/basedb/auto_func.go:967.183,970.2 2 1
github.com/wfunc/go/basedb/auto_func.go:973.110,976.2 2 1
github.com/wfunc/go/basedb/auto_func.go:979.145,983.2 3 1
github.com/wfunc/go/basedb/auto_func.go:986.176,989.10 3 1
github.com/wfunc/go/basedb/auto_func.go:992.2,993.8 2 1
github.com/wfunc/go/basedb/auto_func.go:989.10,991.3 1 1
github.com/wfunc/go/basedb/auto_func.go:997.129,1000.2 2 1
github.com/wfunc/go/basedb/auto_func.go:1003.164,1007.10 4 1
github.com/wfunc/go/basedb/auto_func.go:1010.2,1011.8 2 1
github.com/wfunc/go/basedb/auto_func.go:1007.10,1009.3 1 1
github.com/wfunc/go/basedb/auto_func.go:1015.167,1018.2 2 1
github.com/wfunc/go/basedb/auto_func.go:1021.191,1022.31 1 1
github.com/wfunc/go/basedb/auto_func.go:1026.2,1027.8 2 1
github.com/wfunc/go/basedb/auto_func.go:1022.31,1025.3 2 1
github.com/wfunc/go/basedb/auto_func.go:1031.108,1034.2 2 1
github.com/wfunc/go/basedb/auto_func.go:1037.132,1043.2 5 1
github.com/wfunc/go/basedb/auto_func.go:1046.119,1049.2 2 1
github.com/wfunc/go/basedb/auto_func.go:1052.143,1055.21 3 1
github.com/wfunc/go/basedb/auto_func.go:1058.2,1060.8 3 1
github.com/wfunc/go/basedb/auto_func.go:1055.21,1057.3 1 1
github.com/wfunc/go/basedb/basedb.go:13.13,15.2 1 1
github.com/wfunc/go/basedb/basedb.go:20.34,21.28 1 1
github.com/wfunc/go/basedb/basedb.go:25.42,27.16 2 1
github.com/wfunc/go/basedb/basedb.go:31.2,31.8 1 1
github.com/wfunc/go/basedb/basedb.go:27.16,30.3 2 1
github.com/wfunc/go/basedb/basedb.go:36.65,37.33 1 1
github.com/wfunc/go/basedb/basedb.go:40.2,40.37 1 1
github.com/wfunc/go/basedb/basedb.go:37.33,39.3 1 1
github.com/wfunc/go/basedb/config.go:18.73,21.2 2 1
github.com/wfunc/go/basedb/config.go:24.98,32.2 4 1
github.com/wfunc/go/basedb/config.go:35.77,38.2 2 1
github.com/wfunc/go/basedb/config.go:40.102,43.32 3 1
github.com/wfunc/go/basedb/config.go:46.2,46.35 1 1
github.com/wfunc/go/basedb/config.go:83.2,83.8 1 1
github.com/wfunc/go/basedb/config.go:43.32,45.3 1 1
github.com/wfunc/go/basedb/config.go:46.35,49.17 3 1
github.com/wfunc/go/basedb/config.go:49.17,51.4 1 1
github.com/wfunc/go/basedb/config.go:52.8,53.22 1 1
github.com/wfunc/go/basedb/config.go:81.3,81.109 1 1
github.com/wfunc/go/basedb/config.go:54.20,55.15 1 1
github.com/wfunc/go/basedb/config.go:56.21,57.15 1 1
github.com/wfunc/go/basedb/config.go:58.22,59.15 1 1
github.com/wfunc/go/basedb/config.go:60.22,61.15 1 1
github.com/wfunc/go/basedb/config.go:62.22,63.15 1 1
github.com/wfunc/go/basedb/config.go:64.21,65.15 1 1
github.com/wfunc/go/basedb/config.go:66.22,67.15 1 1
github.com/wfunc/go/basedb/config.go:68.23,69.15 1 1
github.com/wfunc/go/basedb/config.go:70.23,71.15 1 1
github.com/wfunc/go/basedb/config.go:72.23,73.23 1 1
github.com/wfunc/go/basedb/config.go:74.24,75.15 1 1
github.com/wfunc/go/basedb/config.go:76.24,77.25 1 1
github.com/wfunc/go/basedb/config.go:78.11,79.23 1 1
github.com/wfunc/go/basedb/config.go:87.71,89.16 2 1
github.com/wfunc/go/basedb/config.go:92.2,92.15 1 1
github.com/wfunc/go/basedb/config.go:99.2,99.31 1 1
github.com/wfunc/go/basedb/config.go:106.2,106.8 1 1
github.com/wfunc/go/basedb/config.go:89.16,91.3 1 1
github.com/wfunc/go/basedb/config.go:92.15,93.17 1 1
github.com/wfunc/go/basedb/config.go:93.17,95.4 1 1
github.com/wfunc/go/basedb/config.go:95.9,97.4 1 1
github.com/wfunc/go/basedb/config.go:99.31,101.17 2 1
github.com/wfunc/go/basedb/config.go:101.17,104.4 2 1
github.com/wfunc/go/basedb/config.go:110.85,112.16 2 1
github.com/wfunc/go/basedb/config.go:115.2,117.18 3 1
github.com/wfunc/go/basedb/config.go:125.2,125.8 1 1
github.com/wfunc/go/basedb/config.go:112.16,114.3 1 1
github.com/wfunc/go/basedb/config.go:117.18,120.17 3 1
github.com/wfunc/go/basedb/config.go:123.3,123.22 1 1
github.com/wfunc/go/basedb/config.go:120.17,122.4 1 1
github.com/wfunc/go/basedb/object.go:14.75,16.39 2 1
github.com/wfunc/go/basedb/object.go:19.2,19.8 1 1
github.com/wfunc/go/basedb/object.go:16.39,18.3 1 1
github.com/wfunc/go/basedb/object.go:23.98,26.2 2 1
github.com/wfunc/go/basedb/object.go:28.123,30.16 2 1
github.com/wfunc/go/basedb/object.go:33.2,39.8 3 1
github.com/wfunc/go/basedb/object.go:30.16,32.3 1 1
github.com/wfunc/go/basedb/object.go:42.82,43.20 1 1
github.com/wfunc/go/basedb/object.go:48.2,48.8 1 1
github.com/wfunc/go/basedb/object.go:43.20,45.3 1 1
github.com/wfunc/go/basedb/object.go:45.8,47.3 1 1
github.com/wfunc/go/basedb/object.go:52.114,63.2 6 1
github.com/wfunc/go/basedb/object.go:91.77,94.2 2 1
github.com/wfunc/go/basedb/announce.go:9.74,10.22 1 1
github.com/wfunc/go/basedb/announce.go:15.2,15.8 1 1
github.com/wfunc/go/basedb/announce.go:10.22,12.3 1 1
github.com/wfunc/go/basedb/announce.go:12.8,14.3 1 1
github.com/wfunc/go/basedb/announce.go:52.72,53.26 1 1
github.com/wfunc/go/basedb/announce.go:56.2,56.26 1 1
github.com/wfunc/go/basedb/announce.go:59.2,60.8 2 1
github.com/wfunc/go/basedb/announce.go:53.26,55.3 1 1
github.com/wfunc/go/basedb/announce.go:56.26,58.3 1 1
github.com/wfunc/go/session/session.go:33.46,43.2 1 1
github.com/wfunc/go/session/session.go:45.68,46.15 1 1
github.com/wfunc/go/session/session.go:46.15,48.3 1 1
github.com/wfunc/go/session/session.go:52.107,57.2 4 1
github.com/wfunc/go/session/session.go:60.96,62.24 2 1
github.com/wfunc/go/session/session.go:68.2,68.24 1 1
github.com/wfunc/go/session/session.go:83.2,88.14 6 1
github.com/wfunc/go/session/session.go:91.2,91.16 1 1
github.com/wfunc/go/session/session.go:62.24,64.42 2 1
github.com/wfunc/go/session/session.go:64.42,66.4 1 1
github.com/wfunc/go/session/session.go:68.24,71.41 2 1
github.com/wfunc/go/session/session.go:78.3,78.26 1 1
github.com/wfunc/go/session/session.go:71.41,73.16 1 1
github.com/wfunc/go/session/session.go:76.4,76.18 1 1
github.com/wfunc/go/session/session.go:73.16,75.5 1 1
github.com/wfunc/go/session/session.go:78.26,80.4 1 1
github.com/wfunc/go/session/session.go:88.14,90.3 1 1
github.com/wfunc/go/session/session.go:95.72,96.2 0 1
github.com/wfunc/go/session/session.go:99.60,101.19 2 0
github.com/wfunc/go/session/session.go:104.2,104.15 1 0
github.com/wfunc/go/session/session.go:101.19,103.3 1 0
github.com/wfunc/go/session/session.go:108.89,112.31 4 1
github.com/wfunc/go/session/session.go:115.2,115.20 1 1
github.com/wfunc/go/session/session.go:118.2,122.33 5 1
github.com/wfunc/go/session/session.go:132.2,132.8 1 1
github.com/wfunc/go/session/session.go:112.31,114.3 1 1
github.com/wfunc/go/session/session.go:115.20,117.3 1 1
github.com/wfunc/go/session/session.go:122.33,126.17 4 1
github.com/wfunc/go/session/session.go:126.17,130.4 3 1
github.com/wfunc/go/session/session.go:136.53,144.2 6 1
github.com/wfunc/go/session/session.go:156.51,165.2 2 1
github.com/wfunc/go/session/session.go:167.33,169.2 1 0
github.com/wfunc/go/session/session.go:172.41,176.16 4 1
github.com/wfunc/go/session/session.go:180.2,186.16 4 1
github.com/wfunc/go/session/session.go:191.2,191.8 1 1
github.com/wfunc/go/session/session.go:176.16,179.3 2 1
github.com/wfunc/go/session/session.go:186.16,188.3 1 1
github.com/wfunc/go/session/session.go:188.8,190.3 1 1
github.com/wfunc/go/sms/sms.go:19.13,21.2 1 1
github.com/wfunc/go/sms/sms.go:33.31,34.31 1 0
github.com/wfunc/go/sms/sms.go:38.90,39.34 1 1
github.com/wfunc/go/sms/sms.go:43.66,47.16 4 1
github.com/wfunc/go/sms/sms.go:50.2,50.16 1 1
github.com/wfunc/go/sms/sms.go:53.2,53.8 1 1
github.com/wfunc/go/sms/sms.go:47.16,49.3 1 0
github.com/wfunc/go/sms/sms.go:50.16,52.3 1 1
github.com/wfunc/go/sms/sms.go:66.75,75.2 2 1
github.com/wfunc/go/sms/sms.go:78.59,83.16 3 1
github.com/wfunc/go/sms/sms.go:86.2,87.22 2 1
github.com/wfunc/go/sms/sms.go:94.2,97.24 4 1
github.com/wfunc/go/sms/sms.go:106.2,112.16 5 1
github.com/wfunc/go/sms/sms.go:116.2,119.16 4 1
github.com/wfunc/go/sms/sms.go:123.2,123.41 1 1
github.com/wfunc/go/sms/sms.go:83.16,85.3 1 1
github.com/wfunc/go/sms/sms.go:87.22,89.3 1 0
github.com/wfunc/go/sms/sms.go:89.8,89.30 1 1
github.com/wfunc/go/sms/sms.go:89.30,91.3 1 1
github.com/wfunc/go/sms/sms.go:91.8,93.3 1 0
github.com/wfunc/go/sms/sms.go:97.24,105.3 2 1
github.com/wfunc/go/sms/sms.go:112.16,115.3 2 1
github.com/wfunc/go/sms/sms.go:119.16,122.3 2 1
github.com/wfunc/go/sms/sms.go:187.48,193.16 3 0
github.com/wfunc/go/sms/sms.go:196.2,198.16 3 0
github.com/wfunc/go/sms/sms.go:202.2,205.4 1 0
github.com/wfunc/go/sms/sms.go:193.16,195.3 1 0
github.com/wfunc/go/sms/sms.go:198.16,201.3 2 0
github.com/wfunc/go/sms/sms.go:208.44,211.2 2 1
github.com/wfunc/go/sms/sms.go:213.49,216.2 2 0
github.com/wfunc/go/upgrade/upgrade.go:16.51,17.22 1 0
github.com/wfunc/go/upgrade/upgrade.go:22.2,22.11 1 0
github.com/wfunc/go/upgrade/upgrade.go:17.22,18.19 1 0
github.com/wfunc/go/upgrade/upgrade.go:18.19,20.4 1 0
github.com/wfunc/go/upgrade/upgrade.go:26.34,28.2 1 1
github.com/wfunc/go/upgrade/upgrade.go:31.44,35.23 4 1
github.com/wfunc/go/upgrade/upgrade.go:39.2,39.30 1 1
github.com/wfunc/go/upgrade/upgrade.go:47.2,47.26 1 1
github.com/wfunc/go/upgrade/upgrade.go:35.23,37.3 1 0
github.com/wfunc/go/upgrade/upgrade.go:39.30,41.17 2 1
github.com/wfunc/go/upgrade/upgrade.go:44.3,44.19 1 1
github.com/wfunc/go/upgrade/upgrade.go:41.17,42.12 1 1
github.com/wfunc/go/upgrade/upgrade.go:51.39,53.2 1 1
github.com/wfunc/go/upgrade/upgrade.go:56.108,59.26 3 0
github.com/wfunc/go/upgrade/upgrade.go:62.2,62.20 1 0
github.com/wfunc/go/upgrade/upgrade.go:65.2,67.17 3 0
github.com/wfunc/go/upgrade/upgrade.go:70.2,70.38 1 0
github.com/wfunc/go/upgrade/upgrade.go:79.2,79.12 1 0
github.com/wfunc/go/upgrade/upgrade.go:59.26,61.3 1 0
github.com/wfunc/go/upgrade/upgrade.go:62.20,64.3 1 0
github.com/wfunc/go/upgrade/upgrade.go:67.17,69.3 1 0
github.com/wfunc/go/upgrade/upgrade.go:70.38,73.17 3 0
github.com/wfunc/go/upgrade/upgrade.go:77.3,77.50 1 0
github.com/wfunc/go/upgrade/upgrade.go:73.17,76.4 2 0
